 0000           CPU "z80.tbl"
 0000           HOF "INT8"
 0000 78            LD A,B
 0001 011400        LD BC,20
 0004 80            ADD A, B
 0005 27            daa
 0006 D9            EXX ;Comentario
 0007 09            eti1: ADD HL,BC
 0008 ED52          SBC HL,DE
 000A FD09          ADD IY,BC
 000C DD23          INC IX
 000E 13            INC DE
 000F C30700        JP eti1
 0012 07            rlcA
 0013 CB00          RLC B
 0015 CB0E          RRC (HL)
 0017 DDCB023E      SRL (IX+2)
 001B CB59          BIT 3,C
 001D CBE6          SET 4,(HL)
 001F DDCB02B6      RES 6,(IX+2) 0000           	END
 0007  ETI1               
